<?xml version="1.0" encoding="UTF-8"?>
<!-- Generated by org.testng.reporters.JUnitReportReporter -->
<testsuite hostname="fv-az195-35" failures="0" tests="1" name="com.learning.runner.TestSuiteCucumberRunner" time="35.409" errors="0" timestamp="2023-03-12T11:51:07 UTC" skipped="0">
  <testcase classname="com.learning.runner.TestSuiteCucumberRunner" name="runScenario" time="35.409"/>
  <system-out/>
</testsuite> <!-- com.learning.runner.TestSuiteCucumberRunner -->
